{"/home/oliver/TheOdinProject/repos/Battleship/src/scripts/Gameboard.js": {"path":"/home/oliver/TheOdinProject/repos/Battleship/src/scripts/Gameboard.js","statementMap":{"0":{"start":{"line":5,"column":8},"end":{"line":5,"column":42}},"1":{"start":{"line":6,"column":8},"end":{"line":6,"column":24}},"2":{"start":{"line":7,"column":8},"end":{"line":7,"column":23}},"3":{"start":{"line":11,"column":21},"end":{"line":11,"column":23}},"4":{"start":{"line":13,"column":8},"end":{"line":15,"column":9}},"5":{"start":{"line":13,"column":21},"end":{"line":13,"column":22}},"6":{"start":{"line":14,"column":12},"end":{"line":14,"column":47}},"7":{"start":{"line":17,"column":8},"end":{"line":17,"column":22}},"8":{"start":{"line":21,"column":21},"end":{"line":21,"column":37}},"9":{"start":{"line":22,"column":8},"end":{"line":22,"column":21}},"10":{"start":{"line":23,"column":8},"end":{"line":23,"column":30}},"11":{"start":{"line":24,"column":8},"end":{"line":36,"column":9}},"12":{"start":{"line":25,"column":12},"end":{"line":29,"column":13}},"13":{"start":{"line":25,"column":25},"end":{"line":25,"column":26}},"14":{"start":{"line":26,"column":16},"end":{"line":26,"column":42}},"15":{"start":{"line":27,"column":16},"end":{"line":27,"column":51}},"16":{"start":{"line":28,"column":16},"end":{"line":28,"column":20}},"17":{"start":{"line":31,"column":12},"end":{"line":35,"column":13}},"18":{"start":{"line":31,"column":25},"end":{"line":31,"column":26}},"19":{"start":{"line":32,"column":16},"end":{"line":32,"column":42}},"20":{"start":{"line":33,"column":16},"end":{"line":33,"column":51}},"21":{"start":{"line":34,"column":16},"end":{"line":34,"column":20}},"22":{"start":{"line":40,"column":23},"end":{"line":40,"column":39}},"23":{"start":{"line":42,"column":8},"end":{"line":46,"column":9}},"24":{"start":{"line":43,"column":12},"end":{"line":43,"column":24}},"25":{"start":{"line":45,"column":12},"end":{"line":45,"column":25}},"26":{"start":{"line":50,"column":23},"end":{"line":50,"column":39}},"27":{"start":{"line":51,"column":8},"end":{"line":62,"column":9}},"28":{"start":{"line":52,"column":12},"end":{"line":52,"column":42}},"29":{"start":{"line":53,"column":12},"end":{"line":61,"column":13}},"30":{"start":{"line":54,"column":33},"end":{"line":56,"column":18}},"31":{"start":{"line":55,"column":20},"end":{"line":55,"column":56}},"32":{"start":{"line":57,"column":16},"end":{"line":57,"column":43}},"33":{"start":{"line":58,"column":16},"end":{"line":60,"column":17}},"34":{"start":{"line":59,"column":20},"end":{"line":59,"column":33}},"35":{"start":{"line":66,"column":8},"end":{"line":70,"column":9}},"36":{"start":{"line":67,"column":12},"end":{"line":67,"column":25}},"37":{"start":{"line":69,"column":12},"end":{"line":69,"column":24}}},"fnMap":{"0":{"name":"(anonymous_0)","decl":{"start":{"line":4,"column":4},"end":{"line":4,"column":5}},"loc":{"start":{"line":4,"column":18},"end":{"line":8,"column":5}},"line":4},"1":{"name":"(anonymous_1)","decl":{"start":{"line":10,"column":4},"end":{"line":10,"column":5}},"loc":{"start":{"line":10,"column":19},"end":{"line":18,"column":5}},"line":10},"2":{"name":"(anonymous_2)","decl":{"start":{"line":20,"column":4},"end":{"line":20,"column":5}},"loc":{"start":{"line":20,"column":31},"end":{"line":37,"column":5}},"line":20},"3":{"name":"(anonymous_3)","decl":{"start":{"line":39,"column":4},"end":{"line":39,"column":5}},"loc":{"start":{"line":39,"column":26},"end":{"line":47,"column":5}},"line":39},"4":{"name":"(anonymous_4)","decl":{"start":{"line":49,"column":4},"end":{"line":49,"column":5}},"loc":{"start":{"line":49,"column":24},"end":{"line":63,"column":5}},"line":49},"5":{"name":"(anonymous_5)","decl":{"start":{"line":54,"column":52},"end":{"line":54,"column":53}},"loc":{"start":{"line":54,"column":62},"end":{"line":56,"column":17}},"line":54},"6":{"name":"(anonymous_6)","decl":{"start":{"line":65,"column":4},"end":{"line":65,"column":5}},"loc":{"start":{"line":65,"column":15},"end":{"line":71,"column":5}},"line":65}},"branchMap":{"0":{"loc":{"start":{"line":24,"column":8},"end":{"line":36,"column":9}},"type":"if","locations":[{"start":{"line":24,"column":8},"end":{"line":36,"column":9}},{"start":{"line":30,"column":15},"end":{"line":36,"column":9}}],"line":24},"1":{"loc":{"start":{"line":42,"column":8},"end":{"line":46,"column":9}},"type":"if","locations":[{"start":{"line":42,"column":8},"end":{"line":46,"column":9}},{"start":{"line":44,"column":15},"end":{"line":46,"column":9}}],"line":42},"2":{"loc":{"start":{"line":51,"column":8},"end":{"line":62,"column":9}},"type":"if","locations":[{"start":{"line":51,"column":8},"end":{"line":62,"column":9}},{"start":{},"end":{}}],"line":51},"3":{"loc":{"start":{"line":53,"column":12},"end":{"line":61,"column":13}},"type":"if","locations":[{"start":{"line":53,"column":12},"end":{"line":61,"column":13}},{"start":{},"end":{}}],"line":53},"4":{"loc":{"start":{"line":58,"column":16},"end":{"line":60,"column":17}},"type":"if","locations":[{"start":{"line":58,"column":16},"end":{"line":60,"column":17}},{"start":{},"end":{}}],"line":58},"5":{"loc":{"start":{"line":66,"column":8},"end":{"line":70,"column":9}},"type":"if","locations":[{"start":{"line":66,"column":8},"end":{"line":70,"column":9}},{"start":{"line":68,"column":15},"end":{"line":70,"column":9}}],"line":66}},"s":{"0":11,"1":11,"2":11,"3":11,"4":11,"5":11,"6":1111,"7":11,"8":2,"9":2,"10":2,"11":2,"12":2,"13":2,"14":0,"15":0,"16":0,"17":0,"18":0,"19":0,"20":0,"21":0,"22":1,"23":1,"24":1,"25":0,"26":2,"27":2,"28":2,"29":2,"30":0,"31":0,"32":0,"33":0,"34":0,"35":2,"36":1,"37":1},"f":{"0":11,"1":11,"2":2,"3":1,"4":2,"5":0,"6":2},"b":{"0":[2,0],"1":[1,0],"2":[2,0],"3":[0,2],"4":[0,0],"5":[1,1]},"_coverageSchema":"1a1c01bbd47fc00a2c39e90264f33305004495a9","hash":"a61c5186e943b774665a8262372ce3b6cc28928b"}
,"/home/oliver/TheOdinProject/repos/Battleship/src/scripts/Player.js": {"path":"/home/oliver/TheOdinProject/repos/Battleship/src/scripts/Player.js","statementMap":{"0":{"start":{"line":6,"column":8},"end":{"line":6,"column":41}},"1":{"start":{"line":7,"column":8},"end":{"line":7,"column":25}},"2":{"start":{"line":8,"column":8},"end":{"line":14,"column":10}},"3":{"start":{"line":15,"column":8},"end":{"line":15,"column":39}},"4":{"start":{"line":19,"column":8},"end":{"line":19,"column":53}},"5":{"start":{"line":23,"column":8},"end":{"line":26,"column":9}},"6":{"start":{"line":24,"column":12},"end":{"line":24,"column":65}},"7":{"start":{"line":25,"column":12},"end":{"line":25,"column":38}},"8":{"start":{"line":30,"column":8},"end":{"line":30,"column":52}},"9":{"start":{"line":34,"column":16},"end":{"line":34,"column":50}},"10":{"start":{"line":35,"column":16},"end":{"line":35,"column":50}},"11":{"start":{"line":37,"column":8},"end":{"line":40,"column":9}},"12":{"start":{"line":38,"column":12},"end":{"line":38,"column":51}},"13":{"start":{"line":39,"column":12},"end":{"line":39,"column":51}},"14":{"start":{"line":41,"column":8},"end":{"line":41,"column":52}}},"fnMap":{"0":{"name":"(anonymous_0)","decl":{"start":{"line":5,"column":4},"end":{"line":5,"column":5}},"loc":{"start":{"line":5,"column":22},"end":{"line":16,"column":5}},"line":5},"1":{"name":"(anonymous_1)","decl":{"start":{"line":18,"column":4},"end":{"line":18,"column":5}},"loc":{"start":{"line":18,"column":26},"end":{"line":20,"column":5}},"line":18},"2":{"name":"(anonymous_2)","decl":{"start":{"line":22,"column":4},"end":{"line":22,"column":5}},"loc":{"start":{"line":22,"column":25},"end":{"line":27,"column":5}},"line":22},"3":{"name":"(anonymous_3)","decl":{"start":{"line":29,"column":4},"end":{"line":29,"column":5}},"loc":{"start":{"line":29,"column":19},"end":{"line":31,"column":5}},"line":29},"4":{"name":"(anonymous_4)","decl":{"start":{"line":33,"column":4},"end":{"line":33,"column":5}},"loc":{"start":{"line":33,"column":18},"end":{"line":42,"column":5}},"line":33}},"branchMap":{"0":{"loc":{"start":{"line":23,"column":8},"end":{"line":26,"column":9}},"type":"if","locations":[{"start":{"line":23,"column":8},"end":{"line":26,"column":9}},{"start":{},"end":{}}],"line":23}},"s":{"0":6,"1":6,"2":6,"3":6,"4":6,"5":1,"6":1,"7":1,"8":1,"9":0,"10":0,"11":0,"12":0,"13":0,"14":0},"f":{"0":6,"1":6,"2":1,"3":1,"4":0},"b":{"0":[1,0]},"_coverageSchema":"1a1c01bbd47fc00a2c39e90264f33305004495a9","hash":"543ccbef034f60cc46b76a7f074bd17d74f49b78"}
,"/home/oliver/TheOdinProject/repos/Battleship/src/scripts/Ship.js": {"path":"/home/oliver/TheOdinProject/repos/Battleship/src/scripts/Ship.js","statementMap":{"0":{"start":{"line":3,"column":8},"end":{"line":3,"column":29}},"1":{"start":{"line":4,"column":8},"end":{"line":4,"column":22}},"2":{"start":{"line":5,"column":8},"end":{"line":5,"column":25}},"3":{"start":{"line":9,"column":8},"end":{"line":9,"column":20}},"4":{"start":{"line":13,"column":8},"end":{"line":17,"column":9}},"5":{"start":{"line":14,"column":12},"end":{"line":14,"column":24}},"6":{"start":{"line":16,"column":12},"end":{"line":16,"column":25}}},"fnMap":{"0":{"name":"(anonymous_0)","decl":{"start":{"line":2,"column":4},"end":{"line":2,"column":5}},"loc":{"start":{"line":2,"column":30},"end":{"line":6,"column":5}},"line":2},"1":{"name":"(anonymous_1)","decl":{"start":{"line":8,"column":4},"end":{"line":8,"column":5}},"loc":{"start":{"line":8,"column":10},"end":{"line":10,"column":5}},"line":8},"2":{"name":"(anonymous_2)","decl":{"start":{"line":12,"column":4},"end":{"line":12,"column":5}},"loc":{"start":{"line":12,"column":13},"end":{"line":18,"column":5}},"line":12}},"branchMap":{"0":{"loc":{"start":{"line":13,"column":8},"end":{"line":17,"column":9}},"type":"if","locations":[{"start":{"line":13,"column":8},"end":{"line":17,"column":9}},{"start":{"line":15,"column":15},"end":{"line":17,"column":9}}],"line":13}},"s":{"0":33,"1":33,"2":33,"3":6,"4":2,"5":1,"6":1},"f":{"0":33,"1":6,"2":2},"b":{"0":[1,1]},"_coverageSchema":"1a1c01bbd47fc00a2c39e90264f33305004495a9","hash":"10d473ff70af88dccf2cb61faab4269d2f48d049"}
}
