TN:
SF:src/scripts/Gameboard.js
FN:4,(anonymous_0)
FN:10,(anonymous_1)
FN:20,(anonymous_2)
FN:39,(anonymous_3)
FN:49,(anonymous_4)
FN:54,(anonymous_5)
FN:65,(anonymous_6)
FNF:7
FNH:6
FNDA:13,(anonymous_0)
FNDA:13,(anonymous_1)
FNDA:2,(anonymous_2)
FNDA:2,(anonymous_3)
FNDA:2,(anonymous_4)
FNDA:0,(anonymous_5)
FNDA:2,(anonymous_6)
DA:5,13
DA:6,13
DA:7,13
DA:11,13
DA:13,13
DA:14,1313
DA:17,13
DA:21,2
DA:22,2
DA:23,2
DA:24,2
DA:25,2
DA:26,0
DA:27,0
DA:28,0
DA:31,0
DA:32,0
DA:33,0
DA:34,0
DA:40,2
DA:42,2
DA:43,2
DA:45,0
DA:50,2
DA:51,2
DA:52,2
DA:53,2
DA:54,0
DA:55,0
DA:57,0
DA:58,0
DA:59,0
DA:66,2
DA:67,1
DA:69,1
LF:35
LH:22
BRDA:24,0,0,2
BRDA:24,0,1,0
BRDA:42,1,0,2
BRDA:42,1,1,0
BRDA:51,2,0,2
BRDA:51,2,1,0
BRDA:53,3,0,0
BRDA:53,3,1,2
BRDA:58,4,0,0
BRDA:58,4,1,0
BRDA:66,5,0,1
BRDA:66,5,1,1
BRF:12
BRH:6
end_of_record
TN:
SF:src/scripts/Player.js
FN:5,(anonymous_0)
FN:18,(anonymous_1)
FN:22,(anonymous_2)
FN:29,(anonymous_3)
FN:33,(anonymous_4)
FNF:5
FNH:4
FNDA:8,(anonymous_0)
FNDA:8,(anonymous_1)
FNDA:1,(anonymous_2)
FNDA:0,(anonymous_3)
FNDA:1,(anonymous_4)
DA:6,8
DA:7,8
DA:8,8
DA:15,8
DA:19,8
DA:23,1
DA:24,1
DA:25,1
DA:30,0
DA:34,1
DA:35,1
DA:37,1
DA:38,0
DA:39,0
DA:41,1
LF:15
LH:12
BRDA:23,0,0,1
BRDA:23,0,1,0
BRF:2
BRH:1
end_of_record
TN:
SF:src/scripts/Ship.js
FN:2,(anonymous_0)
FN:8,(anonymous_1)
FN:12,(anonymous_2)
FNF:3
FNH:3
FNDA:43,(anonymous_0)
FNDA:6,(anonymous_1)
FNDA:2,(anonymous_2)
DA:3,43
DA:4,43
DA:5,43
DA:9,6
DA:13,2
DA:14,1
DA:16,1
LF:7
LH:7
BRDA:13,0,0,1
BRDA:13,0,1,1
BRF:2
BRH:2
end_of_record
